{"/home/andreskairos/Escritorio/TDDpractise/FastEat/index.js": {"path":"/home/andreskairos/Escritorio/TDDpractise/FastEat/index.js","statementMap":{"0":{"start":{"line":1,"column":18},"end":{"line":1,"column":20}},"1":{"start":{"line":2,"column":16},"end":{"line":2,"column":18}},"2":{"start":{"line":3,"column":13},"end":{"line":3,"column":43}},"3":{"start":{"line":5,"column":4},"end":{"line":13,"column":5}},"4":{"start":{"line":6,"column":20},"end":{"line":6,"column":46}},"5":{"start":{"line":7,"column":21},"end":{"line":7,"column":37}},"6":{"start":{"line":8,"column":8},"end":{"line":10,"column":9}},"7":{"start":{"line":9,"column":12},"end":{"line":9,"column":40}},"8":{"start":{"line":12,"column":8},"end":{"line":12,"column":28}},"9":{"start":{"line":15,"column":4},"end":{"line":15,"column":37}},"10":{"start":{"line":18,"column":0},"end":{"line":18,"column":17}},"11":{"start":{"line":22,"column":17},"end":{"line":22,"column":59}},"12":{"start":{"line":23,"column":4},"end":{"line":51,"column":5}},"13":{"start":{"line":24,"column":19},"end":{"line":24,"column":47}},"14":{"start":{"line":25,"column":21},"end":{"line":25,"column":49}},"15":{"start":{"line":26,"column":8},"end":{"line":26,"column":53}},"16":{"start":{"line":27,"column":20},"end":{"line":27,"column":49}},"17":{"start":{"line":28,"column":8},"end":{"line":28,"column":43}},"18":{"start":{"line":29,"column":27},"end":{"line":29,"column":54}},"19":{"start":{"line":30,"column":8},"end":{"line":30,"column":55}},"20":{"start":{"line":31,"column":26},"end":{"line":31,"column":55}},"21":{"start":{"line":32,"column":8},"end":{"line":32,"column":42}},"22":{"start":{"line":33,"column":8},"end":{"line":33,"column":52}},"23":{"start":{"line":34,"column":8},"end":{"line":34,"column":54}},"24":{"start":{"line":35,"column":8},"end":{"line":35,"column":52}},"25":{"start":{"line":36,"column":8},"end":{"line":36,"column":66}},"26":{"start":{"line":37,"column":8},"end":{"line":37,"column":54}},"27":{"start":{"line":38,"column":8},"end":{"line":38,"column":28}},"28":{"start":{"line":39,"column":8},"end":{"line":39,"column":29}},"29":{"start":{"line":40,"column":8},"end":{"line":40,"column":35}},"30":{"start":{"line":41,"column":8},"end":{"line":41,"column":34}},"31":{"start":{"line":42,"column":8},"end":{"line":42,"column":29}},"32":{"start":{"line":44,"column":8},"end":{"line":46,"column":10}},"33":{"start":{"line":45,"column":12},"end":{"line":45,"column":34}},"34":{"start":{"line":47,"column":8},"end":{"line":47,"column":100}},"35":{"start":{"line":47,"column":49},"end":{"line":47,"column":98}},"36":{"start":{"line":49,"column":8},"end":{"line":49,"column":18}},"37":{"start":{"line":55,"column":24},"end":{"line":55,"column":42}},"38":{"start":{"line":56,"column":17},"end":{"line":56,"column":45}},"39":{"start":{"line":57,"column":4},"end":{"line":57,"column":44}},"40":{"start":{"line":58,"column":4},"end":{"line":58,"column":33}},"41":{"start":{"line":59,"column":4},"end":{"line":101,"column":5}},"42":{"start":{"line":60,"column":8},"end":{"line":100,"column":9}},"43":{"start":{"line":61,"column":23},"end":{"line":61,"column":51}},"44":{"start":{"line":62,"column":24},"end":{"line":62,"column":53}},"45":{"start":{"line":63,"column":34},"end":{"line":63,"column":63}},"46":{"start":{"line":64,"column":35},"end":{"line":64,"column":64}},"47":{"start":{"line":65,"column":12},"end":{"line":65,"column":31}},"48":{"start":{"line":66,"column":25},"end":{"line":66,"column":53}},"49":{"start":{"line":67,"column":12},"end":{"line":67,"column":41}},"50":{"start":{"line":68,"column":32},"end":{"line":68,"column":59}},"51":{"start":{"line":69,"column":12},"end":{"line":69,"column":55}},"52":{"start":{"line":70,"column":32},"end":{"line":70,"column":59}},"53":{"start":{"line":71,"column":12},"end":{"line":71,"column":74}},"54":{"start":{"line":72,"column":26},"end":{"line":72,"column":56}},"55":{"start":{"line":73,"column":12},"end":{"line":73,"column":49}},"56":{"start":{"line":74,"column":27},"end":{"line":74,"column":56}},"57":{"start":{"line":75,"column":12},"end":{"line":75,"column":50}},"58":{"start":{"line":76,"column":12},"end":{"line":76,"column":52}},"59":{"start":{"line":77,"column":12},"end":{"line":77,"column":50}},"60":{"start":{"line":78,"column":12},"end":{"line":78,"column":66}},"61":{"start":{"line":79,"column":12},"end":{"line":79,"column":67}},"62":{"start":{"line":80,"column":12},"end":{"line":80,"column":66}},"63":{"start":{"line":81,"column":12},"end":{"line":81,"column":66}},"64":{"start":{"line":82,"column":12},"end":{"line":82,"column":54}},"65":{"start":{"line":83,"column":12},"end":{"line":83,"column":40}},"66":{"start":{"line":84,"column":12},"end":{"line":84,"column":52}},"67":{"start":{"line":85,"column":12},"end":{"line":85,"column":32}},"68":{"start":{"line":86,"column":12},"end":{"line":86,"column":44}},"69":{"start":{"line":87,"column":12},"end":{"line":87,"column":51}},"70":{"start":{"line":88,"column":12},"end":{"line":88,"column":51}},"71":{"start":{"line":89,"column":12},"end":{"line":89,"column":42}},"72":{"start":{"line":90,"column":12},"end":{"line":90,"column":46}},"73":{"start":{"line":91,"column":12},"end":{"line":91,"column":47}},"74":{"start":{"line":92,"column":12},"end":{"line":92,"column":43}},"75":{"start":{"line":93,"column":12},"end":{"line":93,"column":33}},"76":{"start":{"line":94,"column":12},"end":{"line":94,"column":34}},"77":{"start":{"line":95,"column":12},"end":{"line":95,"column":58}},"78":{"start":{"line":97,"column":12},"end":{"line":99,"column":14}},"79":{"start":{"line":98,"column":16},"end":{"line":98,"column":61}},"80":{"start":{"line":107,"column":4},"end":{"line":107,"column":28}},"81":{"start":{"line":108,"column":4},"end":{"line":111,"column":6}},"82":{"start":{"line":109,"column":8},"end":{"line":109,"column":41}},"83":{"start":{"line":118,"column":4},"end":{"line":126,"column":5}},"84":{"start":{"line":120,"column":35},"end":{"line":120,"column":64}},"85":{"start":{"line":121,"column":8},"end":{"line":123,"column":9}},"86":{"start":{"line":122,"column":12},"end":{"line":122,"column":42}},"87":{"start":{"line":125,"column":8},"end":{"line":125,"column":60}},"88":{"start":{"line":131,"column":29},"end":{"line":133,"column":5}},"89":{"start":{"line":132,"column":8},"end":{"line":132,"column":58}},"90":{"start":{"line":134,"column":25},"end":{"line":134,"column":51}},"91":{"start":{"line":135,"column":4},"end":{"line":135,"column":33}},"92":{"start":{"line":136,"column":4},"end":{"line":136,"column":24}},"93":{"start":{"line":141,"column":4},"end":{"line":143,"column":5}},"94":{"start":{"line":142,"column":8},"end":{"line":142,"column":28}},"95":{"start":{"line":144,"column":4},"end":{"line":144,"column":21}},"96":{"start":{"line":148,"column":23},"end":{"line":148,"column":55}},"97":{"start":{"line":149,"column":4},"end":{"line":149,"column":52}},"98":{"start":{"line":150,"column":4},"end":{"line":150,"column":36}},"99":{"start":{"line":151,"column":4},"end":{"line":151,"column":22}},"100":{"start":{"line":154,"column":4},"end":{"line":167,"column":5}},"101":{"start":{"line":155,"column":8},"end":{"line":155,"column":27}},"102":{"start":{"line":156,"column":23},"end":{"line":156,"column":66}},"103":{"start":{"line":157,"column":8},"end":{"line":157,"column":37}},"104":{"start":{"line":158,"column":8},"end":{"line":166,"column":9}},"105":{"start":{"line":159,"column":24},"end":{"line":163,"column":13}},"106":{"start":{"line":164,"column":12},"end":{"line":164,"column":31}},"107":{"start":{"line":165,"column":12},"end":{"line":165,"column":37}},"108":{"start":{"line":170,"column":22},"end":{"line":170,"column":54}},"109":{"start":{"line":171,"column":26},"end":{"line":171,"column":27}},"110":{"start":{"line":172,"column":8},"end":{"line":172,"column":27}},"111":{"start":{"line":173,"column":8},"end":{"line":196,"column":9}},"112":{"start":{"line":174,"column":12},"end":{"line":194,"column":13}},"113":{"start":{"line":175,"column":16},"end":{"line":175,"column":41}},"114":{"start":{"line":176,"column":28},"end":{"line":176,"column":57}},"115":{"start":{"line":177,"column":28},"end":{"line":177,"column":57}},"116":{"start":{"line":178,"column":29},"end":{"line":178,"column":56}},"117":{"start":{"line":179,"column":30},"end":{"line":179,"column":57}},"118":{"start":{"line":180,"column":16},"end":{"line":180,"column":65}},"119":{"start":{"line":181,"column":16},"end":{"line":181,"column":54}},"120":{"start":{"line":182,"column":16},"end":{"line":182,"column":35}},"121":{"start":{"line":183,"column":16},"end":{"line":183,"column":45}},"122":{"start":{"line":184,"column":16},"end":{"line":184,"column":47}},"123":{"start":{"line":185,"column":16},"end":{"line":185,"column":37}},"124":{"start":{"line":186,"column":16},"end":{"line":186,"column":38}},"125":{"start":{"line":187,"column":16},"end":{"line":187,"column":39}},"126":{"start":{"line":188,"column":16},"end":{"line":188,"column":39}},"127":{"start":{"line":190,"column":16},"end":{"line":190,"column":59}},"128":{"start":{"line":191,"column":16},"end":{"line":191,"column":74}},"129":{"start":{"line":192,"column":16},"end":{"line":192,"column":41}},"130":{"start":{"line":193,"column":16},"end":{"line":193,"column":53}},"131":{"start":{"line":199,"column":4},"end":{"line":199,"column":38}},"132":{"start":{"line":200,"column":4},"end":{"line":200,"column":21}},"133":{"start":{"line":203,"column":20},"end":{"line":203,"column":47}},"134":{"start":{"line":204,"column":0},"end":{"line":204,"column":36}},"135":{"start":{"line":205,"column":0},"end":{"line":205,"column":31}},"136":{"start":{"line":206,"column":0},"end":{"line":206,"column":19}},"137":{"start":{"line":211,"column":4},"end":{"line":227,"column":5}},"138":{"start":{"line":212,"column":8},"end":{"line":212,"column":28}},"139":{"start":{"line":213,"column":8},"end":{"line":220,"column":17}},"140":{"start":{"line":221,"column":19},"end":{"line":221,"column":47}},"141":{"start":{"line":222,"column":8},"end":{"line":222,"column":52}},"142":{"start":{"line":223,"column":8},"end":{"line":223,"column":28}},"143":{"start":{"line":224,"column":8},"end":{"line":224,"column":40}}},"fnMap":{"0":{"name":"getRestaurants","decl":{"start":{"line":4,"column":15},"end":{"line":4,"column":29}},"loc":{"start":{"line":4,"column":32},"end":{"line":17,"column":1}},"line":4},"1":{"name":"createRestaurantCard","decl":{"start":{"line":21,"column":9},"end":{"line":21,"column":29}},"loc":{"start":{"line":21,"column":42},"end":{"line":52,"column":1}},"line":21},"2":{"name":"(anonymous_2)","decl":{"start":{"line":44,"column":37},"end":{"line":44,"column":38}},"loc":{"start":{"line":44,"column":43},"end":{"line":46,"column":9}},"line":44},"3":{"name":"(anonymous_3)","decl":{"start":{"line":47,"column":37},"end":{"line":47,"column":38}},"loc":{"start":{"line":47,"column":48},"end":{"line":47,"column":99}},"line":47},"4":{"name":"createFoodCard","decl":{"start":{"line":54,"column":9},"end":{"line":54,"column":23}},"loc":{"start":{"line":54,"column":38},"end":{"line":102,"column":1}},"line":54},"5":{"name":"(anonymous_5)","decl":{"start":{"line":97,"column":45},"end":{"line":97,"column":46}},"loc":{"start":{"line":97,"column":52},"end":{"line":99,"column":13}},"line":97},"6":{"name":"printRestaurantCard","decl":{"start":{"line":106,"column":9},"end":{"line":106,"column":28}},"loc":{"start":{"line":106,"column":42},"end":{"line":113,"column":1}},"line":106},"7":{"name":"(anonymous_7)","decl":{"start":{"line":108,"column":24},"end":{"line":108,"column":25}},"loc":{"start":{"line":108,"column":40},"end":{"line":111,"column":5}},"line":108},"8":{"name":"catchRestaurant","decl":{"start":{"line":116,"column":9},"end":{"line":116,"column":24}},"loc":{"start":{"line":116,"column":48},"end":{"line":128,"column":1}},"line":116},"9":{"name":"filterByNameRestaurant","decl":{"start":{"line":130,"column":9},"end":{"line":130,"column":31}},"loc":{"start":{"line":130,"column":61},"end":{"line":137,"column":1}},"line":130},"10":{"name":"(anonymous_10)","decl":{"start":{"line":131,"column":48},"end":{"line":131,"column":49}},"loc":{"start":{"line":132,"column":8},"end":{"line":132,"column":58}},"line":132},"11":{"name":"hideRestaurants","decl":{"start":{"line":140,"column":9},"end":{"line":140,"column":24}},"loc":{"start":{"line":140,"column":31},"end":{"line":145,"column":1}},"line":140},"12":{"name":"createBackButton","decl":{"start":{"line":147,"column":9},"end":{"line":147,"column":25}},"loc":{"start":{"line":147,"column":28},"end":{"line":152,"column":1}},"line":147},"13":{"name":"addToCart","decl":{"start":{"line":153,"column":9},"end":{"line":153,"column":18}},"loc":{"start":{"line":153,"column":40},"end":{"line":201,"column":1}},"line":153},"14":{"name":"printModalCart","decl":{"start":{"line":169,"column":13},"end":{"line":169,"column":27}},"loc":{"start":{"line":169,"column":39},"end":{"line":197,"column":5}},"line":169},"15":{"name":"printTotalAmount","decl":{"start":{"line":202,"column":9},"end":{"line":202,"column":25}},"loc":{"start":{"line":202,"column":46},"end":{"line":207,"column":1}},"line":202},"16":{"name":"goBack","decl":{"start":{"line":209,"column":9},"end":{"line":209,"column":15}},"loc":{"start":{"line":209,"column":18},"end":{"line":229,"column":1}},"line":209}},"branchMap":{"0":{"loc":{"start":{"line":23,"column":4},"end":{"line":51,"column":5}},"type":"if","locations":[{"start":{"line":23,"column":4},"end":{"line":51,"column":5}},{"start":{"line":23,"column":4},"end":{"line":51,"column":5}}],"line":23},"1":{"loc":{"start":{"line":59,"column":4},"end":{"line":101,"column":5}},"type":"if","locations":[{"start":{"line":59,"column":4},"end":{"line":101,"column":5}},{"start":{"line":59,"column":4},"end":{"line":101,"column":5}}],"line":59},"2":{"loc":{"start":{"line":59,"column":8},"end":{"line":59,"column":28}},"type":"binary-expr","locations":[{"start":{"line":59,"column":8},"end":{"line":59,"column":20}},{"start":{"line":59,"column":24},"end":{"line":59,"column":28}}],"line":59},"3":{"loc":{"start":{"line":118,"column":4},"end":{"line":126,"column":5}},"type":"if","locations":[{"start":{"line":118,"column":4},"end":{"line":126,"column":5}},{"start":{"line":118,"column":4},"end":{"line":126,"column":5}}],"line":118},"4":{"loc":{"start":{"line":121,"column":8},"end":{"line":123,"column":9}},"type":"if","locations":[{"start":{"line":121,"column":8},"end":{"line":123,"column":9}},{"start":{"line":121,"column":8},"end":{"line":123,"column":9}}],"line":121},"5":{"loc":{"start":{"line":141,"column":4},"end":{"line":143,"column":5}},"type":"if","locations":[{"start":{"line":141,"column":4},"end":{"line":143,"column":5}},{"start":{"line":141,"column":4},"end":{"line":143,"column":5}}],"line":141},"6":{"loc":{"start":{"line":154,"column":4},"end":{"line":167,"column":5}},"type":"if","locations":[{"start":{"line":154,"column":4},"end":{"line":167,"column":5}},{"start":{"line":154,"column":4},"end":{"line":167,"column":5}}],"line":154},"7":{"loc":{"start":{"line":158,"column":8},"end":{"line":166,"column":9}},"type":"if","locations":[{"start":{"line":158,"column":8},"end":{"line":166,"column":9}},{"start":{"line":158,"column":8},"end":{"line":166,"column":9}}],"line":158},"8":{"loc":{"start":{"line":173,"column":8},"end":{"line":196,"column":9}},"type":"if","locations":[{"start":{"line":173,"column":8},"end":{"line":196,"column":9}},{"start":{"line":173,"column":8},"end":{"line":196,"column":9}}],"line":173},"9":{"loc":{"start":{"line":211,"column":4},"end":{"line":227,"column":5}},"type":"if","locations":[{"start":{"line":211,"column":4},"end":{"line":227,"column":5}},{"start":{"line":211,"column":4},"end":{"line":227,"column":5}}],"line":211}},"s":{"0":1,"1":1,"2":1,"3":1,"4":1,"5":0,"6":0,"7":0,"8":1,"9":1,"10":1,"11":1,"12":1,"13":1,"14":1,"15":1,"16":1,"17":1,"18":1,"19":1,"20":1,"21":1,"22":1,"23":1,"24":1,"25":1,"26":1,"27":1,"28":1,"29":1,"30":1,"31":1,"32":1,"33":0,"34":1,"35":0,"36":1,"37":2,"38":2,"39":2,"40":2,"41":2,"42":0,"43":0,"44":0,"45":0,"46":0,"47":0,"48":0,"49":0,"50":0,"51":0,"52":0,"53":0,"54":0,"55":0,"56":0,"57":0,"58":0,"59":0,"60":0,"61":0,"62":0,"63":0,"64":0,"65":0,"66":0,"67":0,"68":0,"69":0,"70":0,"71":0,"72":0,"73":0,"74":0,"75":0,"76":0,"77":0,"78":0,"79":0,"80":1,"81":1,"82":0,"83":1,"84":0,"85":0,"86":0,"87":0,"88":1,"89":3,"90":1,"91":1,"92":1,"93":1,"94":1,"95":1,"96":3,"97":3,"98":3,"99":3,"100":0,"101":0,"102":0,"103":0,"104":0,"105":0,"106":0,"107":0,"108":0,"109":0,"110":0,"111":0,"112":0,"113":0,"114":0,"115":0,"116":0,"117":0,"118":0,"119":0,"120":0,"121":0,"122":0,"123":0,"124":0,"125":0,"126":0,"127":0,"128":0,"129":0,"130":0,"131":0,"132":0,"133":0,"134":0,"135":0,"136":0,"137":0,"138":0,"139":0,"140":0,"141":0,"142":0,"143":0},"f":{"0":1,"1":1,"2":0,"3":0,"4":2,"5":0,"6":1,"7":0,"8":1,"9":1,"10":3,"11":1,"12":3,"13":0,"14":0,"15":0,"16":0},"b":{"0":[1,0],"1":[0,2],"2":[2,1],"3":[0,1],"4":[0,0],"5":[1,0],"6":[0,0],"7":[0,0],"8":[0,0],"9":[0,0]},"_coverageSchema":"43e27e138ebf9cfc5966b082cf9a028302ed4184","hash":"e4f329c55030005df268a2abef0b1015c3349bf4"}
,"/home/andreskairos/Escritorio/TDDpractise/test/restaurants.fixture.js": {"path":"/home/andreskairos/Escritorio/TDDpractise/test/restaurants.fixture.js","statementMap":{"0":{"start":{"line":1,"column":30},"end":{"line":1,"column":211}},"1":{"start":{"line":3,"column":25},"end":{"line":3,"column":350}},"2":{"start":{"line":5,"column":26},"end":{"line":40,"column":1}},"3":{"start":{"line":42,"column":29},"end":{"line":154,"column":2}},"4":{"start":{"line":156,"column":24},"end":{"line":172,"column":8}},"5":{"start":{"line":174,"column":26},"end":{"line":174,"column":285}},"6":{"start":{"line":176,"column":24},"end":{"line":176,"column":390}},"7":{"start":{"line":178,"column":26},"end":{"line":207,"column":2}},"8":{"start":{"line":209,"column":27},"end":{"line":241,"column":1}},"9":{"start":{"line":243,"column":31},"end":{"line":243,"column":49}},"10":{"start":{"line":245,"column":26},"end":{"line":245,"column":71}},"11":{"start":{"line":246,"column":20},"end":{"line":253,"column":1}}},"fnMap":{},"branchMap":{},"s":{"0":1,"1":1,"2":1,"3":1,"4":1,"5":1,"6":1,"7":1,"8":1,"9":1,"10":1,"11":1},"f":{},"b":{},"_coverageSchema":"43e27e138ebf9cfc5966b082cf9a028302ed4184","hash":"ad409009bdb09a2e63242daa4df73ef02ce9e5e7"}
}
