{"/home/andreskairos/Escritorio/TDDpractise/FastEat/index.js": {"path":"/home/andreskairos/Escritorio/TDDpractise/FastEat/index.js","statementMap":{"0":{"start":{"line":1,"column":18},"end":{"line":1,"column":20}},"1":{"start":{"line":2,"column":16},"end":{"line":2,"column":18}},"2":{"start":{"line":3,"column":13},"end":{"line":3,"column":43}},"3":{"start":{"line":5,"column":4},"end":{"line":13,"column":5}},"4":{"start":{"line":6,"column":20},"end":{"line":6,"column":46}},"5":{"start":{"line":7,"column":21},"end":{"line":7,"column":37}},"6":{"start":{"line":8,"column":8},"end":{"line":10,"column":9}},"7":{"start":{"line":9,"column":12},"end":{"line":9,"column":40}},"8":{"start":{"line":12,"column":8},"end":{"line":12,"column":28}},"9":{"start":{"line":15,"column":4},"end":{"line":15,"column":37}},"10":{"start":{"line":18,"column":0},"end":{"line":18,"column":17}},"11":{"start":{"line":22,"column":17},"end":{"line":22,"column":59}},"12":{"start":{"line":23,"column":4},"end":{"line":53,"column":5}},"13":{"start":{"line":24,"column":19},"end":{"line":24,"column":47}},"14":{"start":{"line":25,"column":21},"end":{"line":25,"column":49}},"15":{"start":{"line":26,"column":8},"end":{"line":26,"column":53}},"16":{"start":{"line":27,"column":20},"end":{"line":27,"column":49}},"17":{"start":{"line":28,"column":8},"end":{"line":28,"column":43}},"18":{"start":{"line":29,"column":27},"end":{"line":29,"column":54}},"19":{"start":{"line":30,"column":8},"end":{"line":30,"column":55}},"20":{"start":{"line":31,"column":26},"end":{"line":31,"column":55}},"21":{"start":{"line":32,"column":8},"end":{"line":32,"column":42}},"22":{"start":{"line":33,"column":8},"end":{"line":33,"column":52}},"23":{"start":{"line":34,"column":8},"end":{"line":34,"column":54}},"24":{"start":{"line":35,"column":8},"end":{"line":35,"column":52}},"25":{"start":{"line":36,"column":8},"end":{"line":36,"column":66}},"26":{"start":{"line":37,"column":8},"end":{"line":37,"column":54}},"27":{"start":{"line":38,"column":8},"end":{"line":38,"column":28}},"28":{"start":{"line":39,"column":8},"end":{"line":39,"column":29}},"29":{"start":{"line":40,"column":8},"end":{"line":40,"column":35}},"30":{"start":{"line":41,"column":8},"end":{"line":41,"column":34}},"31":{"start":{"line":42,"column":8},"end":{"line":42,"column":29}},"32":{"start":{"line":44,"column":8},"end":{"line":46,"column":10}},"33":{"start":{"line":45,"column":12},"end":{"line":45,"column":34}},"34":{"start":{"line":47,"column":8},"end":{"line":49,"column":10}},"35":{"start":{"line":48,"column":12},"end":{"line":48,"column":61}},"36":{"start":{"line":51,"column":8},"end":{"line":51,"column":18}},"37":{"start":{"line":58,"column":24},"end":{"line":58,"column":42}},"38":{"start":{"line":59,"column":17},"end":{"line":59,"column":45}},"39":{"start":{"line":60,"column":4},"end":{"line":60,"column":44}},"40":{"start":{"line":61,"column":4},"end":{"line":61,"column":33}},"41":{"start":{"line":62,"column":4},"end":{"line":108,"column":5}},"42":{"start":{"line":63,"column":8},"end":{"line":107,"column":9}},"43":{"start":{"line":64,"column":23},"end":{"line":64,"column":51}},"44":{"start":{"line":65,"column":24},"end":{"line":65,"column":53}},"45":{"start":{"line":66,"column":34},"end":{"line":66,"column":63}},"46":{"start":{"line":67,"column":35},"end":{"line":67,"column":64}},"47":{"start":{"line":68,"column":12},"end":{"line":68,"column":31}},"48":{"start":{"line":69,"column":25},"end":{"line":69,"column":53}},"49":{"start":{"line":70,"column":12},"end":{"line":70,"column":41}},"50":{"start":{"line":71,"column":32},"end":{"line":71,"column":59}},"51":{"start":{"line":72,"column":12},"end":{"line":72,"column":55}},"52":{"start":{"line":73,"column":32},"end":{"line":73,"column":59}},"53":{"start":{"line":74,"column":12},"end":{"line":74,"column":74}},"54":{"start":{"line":75,"column":26},"end":{"line":75,"column":56}},"55":{"start":{"line":76,"column":12},"end":{"line":76,"column":49}},"56":{"start":{"line":77,"column":27},"end":{"line":77,"column":56}},"57":{"start":{"line":78,"column":12},"end":{"line":78,"column":50}},"58":{"start":{"line":79,"column":12},"end":{"line":79,"column":52}},"59":{"start":{"line":80,"column":12},"end":{"line":80,"column":50}},"60":{"start":{"line":81,"column":12},"end":{"line":81,"column":66}},"61":{"start":{"line":82,"column":12},"end":{"line":82,"column":67}},"62":{"start":{"line":83,"column":12},"end":{"line":83,"column":66}},"63":{"start":{"line":84,"column":12},"end":{"line":84,"column":66}},"64":{"start":{"line":85,"column":12},"end":{"line":85,"column":54}},"65":{"start":{"line":86,"column":12},"end":{"line":86,"column":40}},"66":{"start":{"line":87,"column":12},"end":{"line":87,"column":52}},"67":{"start":{"line":88,"column":12},"end":{"line":88,"column":32}},"68":{"start":{"line":89,"column":12},"end":{"line":89,"column":44}},"69":{"start":{"line":90,"column":12},"end":{"line":90,"column":51}},"70":{"start":{"line":91,"column":12},"end":{"line":91,"column":51}},"71":{"start":{"line":92,"column":12},"end":{"line":92,"column":42}},"72":{"start":{"line":93,"column":12},"end":{"line":93,"column":46}},"73":{"start":{"line":94,"column":12},"end":{"line":94,"column":47}},"74":{"start":{"line":95,"column":12},"end":{"line":95,"column":43}},"75":{"start":{"line":96,"column":12},"end":{"line":96,"column":33}},"76":{"start":{"line":97,"column":12},"end":{"line":97,"column":35}},"77":{"start":{"line":99,"column":12},"end":{"line":99,"column":58}},"78":{"start":{"line":101,"column":12},"end":{"line":105,"column":14}},"79":{"start":{"line":102,"column":16},"end":{"line":102,"column":76}},"80":{"start":{"line":115,"column":4},"end":{"line":118,"column":6}},"81":{"start":{"line":116,"column":8},"end":{"line":116,"column":41}},"82":{"start":{"line":126,"column":4},"end":{"line":133,"column":5}},"83":{"start":{"line":127,"column":35},"end":{"line":127,"column":64}},"84":{"start":{"line":128,"column":8},"end":{"line":130,"column":9}},"85":{"start":{"line":129,"column":12},"end":{"line":129,"column":42}},"86":{"start":{"line":132,"column":8},"end":{"line":132,"column":60}},"87":{"start":{"line":138,"column":29},"end":{"line":140,"column":5}},"88":{"start":{"line":139,"column":8},"end":{"line":139,"column":58}},"89":{"start":{"line":141,"column":25},"end":{"line":141,"column":51}},"90":{"start":{"line":143,"column":4},"end":{"line":143,"column":39}},"91":{"start":{"line":144,"column":4},"end":{"line":144,"column":24}},"92":{"start":{"line":149,"column":4},"end":{"line":151,"column":5}},"93":{"start":{"line":150,"column":8},"end":{"line":150,"column":28}},"94":{"start":{"line":152,"column":4},"end":{"line":152,"column":21}},"95":{"start":{"line":156,"column":23},"end":{"line":156,"column":55}},"96":{"start":{"line":157,"column":4},"end":{"line":157,"column":52}},"97":{"start":{"line":158,"column":4},"end":{"line":158,"column":36}},"98":{"start":{"line":159,"column":4},"end":{"line":159,"column":22}},"99":{"start":{"line":163,"column":4},"end":{"line":186,"column":5}},"100":{"start":{"line":164,"column":23},"end":{"line":164,"column":70}},"101":{"start":{"line":165,"column":8},"end":{"line":184,"column":9}},"102":{"start":{"line":166,"column":28},"end":{"line":171,"column":13}},"103":{"start":{"line":172,"column":12},"end":{"line":182,"column":13}},"104":{"start":{"line":173,"column":14},"end":{"line":173,"column":37}},"105":{"start":{"line":176,"column":16},"end":{"line":181,"column":17}},"106":{"start":{"line":176,"column":44},"end":{"line":176,"column":78}},"107":{"start":{"line":177,"column":19},"end":{"line":177,"column":91}},"108":{"start":{"line":177,"column":42},"end":{"line":177,"column":76}},"109":{"start":{"line":179,"column":20},"end":{"line":179,"column":43}},"110":{"start":{"line":183,"column":12},"end":{"line":183,"column":37}},"111":{"start":{"line":185,"column":8},"end":{"line":185,"column":25}},"112":{"start":{"line":190,"column":23},"end":{"line":190,"column":56}},"113":{"start":{"line":192,"column":8},"end":{"line":215,"column":9}},"114":{"start":{"line":193,"column":30},"end":{"line":193,"column":31}},"115":{"start":{"line":194,"column":12},"end":{"line":194,"column":34}},"116":{"start":{"line":195,"column":12},"end":{"line":214,"column":13}},"117":{"start":{"line":196,"column":16},"end":{"line":212,"column":17}},"118":{"start":{"line":197,"column":32},"end":{"line":197,"column":61}},"119":{"start":{"line":198,"column":32},"end":{"line":198,"column":61}},"120":{"start":{"line":199,"column":33},"end":{"line":199,"column":60}},"121":{"start":{"line":200,"column":34},"end":{"line":200,"column":61}},"122":{"start":{"line":201,"column":20},"end":{"line":201,"column":70}},"123":{"start":{"line":202,"column":20},"end":{"line":202,"column":59}},"124":{"start":{"line":203,"column":20},"end":{"line":203,"column":43}},"125":{"start":{"line":204,"column":20},"end":{"line":204,"column":76}},"126":{"start":{"line":205,"column":20},"end":{"line":205,"column":61}},"127":{"start":{"line":206,"column":20},"end":{"line":206,"column":41}},"128":{"start":{"line":207,"column":20},"end":{"line":207,"column":42}},"129":{"start":{"line":208,"column":20},"end":{"line":208,"column":43}},"130":{"start":{"line":209,"column":20},"end":{"line":209,"column":44}},"131":{"start":{"line":211,"column":20},"end":{"line":211,"column":79}},"132":{"start":{"line":213,"column":16},"end":{"line":213,"column":54}},"133":{"start":{"line":216,"column":8},"end":{"line":216,"column":22}},"134":{"start":{"line":222,"column":24},"end":{"line":222,"column":51}},"135":{"start":{"line":223,"column":4},"end":{"line":223,"column":65}},"136":{"start":{"line":224,"column":4},"end":{"line":224,"column":36}},"137":{"start":{"line":225,"column":4},"end":{"line":225,"column":23}},"138":{"start":{"line":230,"column":4},"end":{"line":246,"column":5}},"139":{"start":{"line":231,"column":8},"end":{"line":231,"column":28}},"140":{"start":{"line":232,"column":8},"end":{"line":239,"column":17}},"141":{"start":{"line":240,"column":19},"end":{"line":240,"column":47}},"142":{"start":{"line":241,"column":8},"end":{"line":241,"column":52}},"143":{"start":{"line":242,"column":8},"end":{"line":242,"column":28}},"144":{"start":{"line":243,"column":8},"end":{"line":243,"column":40}}},"fnMap":{"0":{"name":"getRestaurants","decl":{"start":{"line":4,"column":15},"end":{"line":4,"column":29}},"loc":{"start":{"line":4,"column":32},"end":{"line":17,"column":1}},"line":4},"1":{"name":"createRestaurantCard","decl":{"start":{"line":21,"column":9},"end":{"line":21,"column":29}},"loc":{"start":{"line":21,"column":42},"end":{"line":54,"column":1}},"line":21},"2":{"name":"(anonymous_2)","decl":{"start":{"line":44,"column":37},"end":{"line":44,"column":38}},"loc":{"start":{"line":44,"column":43},"end":{"line":46,"column":9}},"line":44},"3":{"name":"(anonymous_3)","decl":{"start":{"line":47,"column":37},"end":{"line":47,"column":38}},"loc":{"start":{"line":47,"column":48},"end":{"line":49,"column":9}},"line":47},"4":{"name":"createFoodCard","decl":{"start":{"line":56,"column":9},"end":{"line":56,"column":23}},"loc":{"start":{"line":56,"column":44},"end":{"line":109,"column":1}},"line":56},"5":{"name":"(anonymous_5)","decl":{"start":{"line":101,"column":45},"end":{"line":101,"column":46}},"loc":{"start":{"line":101,"column":56},"end":{"line":105,"column":13}},"line":101},"6":{"name":"printRestaurantCard","decl":{"start":{"line":113,"column":9},"end":{"line":113,"column":28}},"loc":{"start":{"line":113,"column":42},"end":{"line":120,"column":1}},"line":113},"7":{"name":"(anonymous_7)","decl":{"start":{"line":115,"column":24},"end":{"line":115,"column":25}},"loc":{"start":{"line":115,"column":40},"end":{"line":118,"column":5}},"line":115},"8":{"name":"catchRestaurant","decl":{"start":{"line":123,"column":9},"end":{"line":123,"column":24}},"loc":{"start":{"line":123,"column":48},"end":{"line":135,"column":1}},"line":123},"9":{"name":"filterByNameRestaurant","decl":{"start":{"line":137,"column":9},"end":{"line":137,"column":31}},"loc":{"start":{"line":137,"column":61},"end":{"line":145,"column":1}},"line":137},"10":{"name":"(anonymous_10)","decl":{"start":{"line":138,"column":48},"end":{"line":138,"column":49}},"loc":{"start":{"line":139,"column":8},"end":{"line":139,"column":58}},"line":139},"11":{"name":"hideRestaurants","decl":{"start":{"line":148,"column":9},"end":{"line":148,"column":24}},"loc":{"start":{"line":148,"column":31},"end":{"line":153,"column":1}},"line":148},"12":{"name":"createBackButton","decl":{"start":{"line":155,"column":9},"end":{"line":155,"column":25}},"loc":{"start":{"line":155,"column":28},"end":{"line":160,"column":1}},"line":155},"13":{"name":"addToCart","decl":{"start":{"line":162,"column":9},"end":{"line":162,"column":18}},"loc":{"start":{"line":162,"column":68},"end":{"line":187,"column":1}},"line":162},"14":{"name":"(anonymous_14)","decl":{"start":{"line":176,"column":36},"end":{"line":176,"column":37}},"loc":{"start":{"line":176,"column":44},"end":{"line":176,"column":78}},"line":176},"15":{"name":"(anonymous_15)","decl":{"start":{"line":177,"column":34},"end":{"line":177,"column":35}},"loc":{"start":{"line":177,"column":42},"end":{"line":177,"column":76}},"line":177},"16":{"name":"printModalCart","decl":{"start":{"line":189,"column":13},"end":{"line":189,"column":27}},"loc":{"start":{"line":189,"column":39},"end":{"line":217,"column":5}},"line":189},"17":{"name":"printTotalAmount","decl":{"start":{"line":221,"column":9},"end":{"line":221,"column":25}},"loc":{"start":{"line":221,"column":47},"end":{"line":226,"column":1}},"line":221},"18":{"name":"goBack","decl":{"start":{"line":228,"column":9},"end":{"line":228,"column":15}},"loc":{"start":{"line":228,"column":18},"end":{"line":248,"column":1}},"line":228}},"branchMap":{"0":{"loc":{"start":{"line":23,"column":4},"end":{"line":53,"column":5}},"type":"if","locations":[{"start":{"line":23,"column":4},"end":{"line":53,"column":5}},{"start":{"line":23,"column":4},"end":{"line":53,"column":5}}],"line":23},"1":{"loc":{"start":{"line":62,"column":4},"end":{"line":108,"column":5}},"type":"if","locations":[{"start":{"line":62,"column":4},"end":{"line":108,"column":5}},{"start":{"line":62,"column":4},"end":{"line":108,"column":5}}],"line":62},"2":{"loc":{"start":{"line":62,"column":8},"end":{"line":62,"column":28}},"type":"binary-expr","locations":[{"start":{"line":62,"column":8},"end":{"line":62,"column":20}},{"start":{"line":62,"column":24},"end":{"line":62,"column":28}}],"line":62},"3":{"loc":{"start":{"line":126,"column":4},"end":{"line":133,"column":5}},"type":"if","locations":[{"start":{"line":126,"column":4},"end":{"line":133,"column":5}},{"start":{"line":126,"column":4},"end":{"line":133,"column":5}}],"line":126},"4":{"loc":{"start":{"line":128,"column":8},"end":{"line":130,"column":9}},"type":"if","locations":[{"start":{"line":128,"column":8},"end":{"line":130,"column":9}},{"start":{"line":128,"column":8},"end":{"line":130,"column":9}}],"line":128},"5":{"loc":{"start":{"line":149,"column":4},"end":{"line":151,"column":5}},"type":"if","locations":[{"start":{"line":149,"column":4},"end":{"line":151,"column":5}},{"start":{"line":149,"column":4},"end":{"line":151,"column":5}}],"line":149},"6":{"loc":{"start":{"line":163,"column":4},"end":{"line":186,"column":5}},"type":"if","locations":[{"start":{"line":163,"column":4},"end":{"line":186,"column":5}},{"start":{"line":163,"column":4},"end":{"line":186,"column":5}}],"line":163},"7":{"loc":{"start":{"line":165,"column":8},"end":{"line":184,"column":9}},"type":"if","locations":[{"start":{"line":165,"column":8},"end":{"line":184,"column":9}},{"start":{"line":165,"column":8},"end":{"line":184,"column":9}}],"line":165},"8":{"loc":{"start":{"line":172,"column":12},"end":{"line":182,"column":13}},"type":"if","locations":[{"start":{"line":172,"column":12},"end":{"line":182,"column":13}},{"start":{"line":172,"column":12},"end":{"line":182,"column":13}}],"line":172},"9":{"loc":{"start":{"line":176,"column":16},"end":{"line":181,"column":17}},"type":"if","locations":[{"start":{"line":176,"column":16},"end":{"line":181,"column":17}},{"start":{"line":176,"column":16},"end":{"line":181,"column":17}}],"line":176},"10":{"loc":{"start":{"line":192,"column":8},"end":{"line":215,"column":9}},"type":"if","locations":[{"start":{"line":192,"column":8},"end":{"line":215,"column":9}},{"start":{"line":192,"column":8},"end":{"line":215,"column":9}}],"line":192},"11":{"loc":{"start":{"line":195,"column":12},"end":{"line":214,"column":13}},"type":"if","locations":[{"start":{"line":195,"column":12},"end":{"line":214,"column":13}},{"start":{"line":195,"column":12},"end":{"line":214,"column":13}}],"line":195},"12":{"loc":{"start":{"line":230,"column":4},"end":{"line":246,"column":5}},"type":"if","locations":[{"start":{"line":230,"column":4},"end":{"line":246,"column":5}},{"start":{"line":230,"column":4},"end":{"line":246,"column":5}}],"line":230}},"s":{"0":1,"1":1,"2":1,"3":1,"4":1,"5":0,"6":0,"7":0,"8":1,"9":1,"10":1,"11":1,"12":1,"13":1,"14":1,"15":1,"16":1,"17":1,"18":1,"19":1,"20":1,"21":1,"22":1,"23":1,"24":1,"25":1,"26":1,"27":1,"28":1,"29":1,"30":1,"31":1,"32":1,"33":0,"34":1,"35":0,"36":1,"37":3,"38":3,"39":3,"40":3,"41":3,"42":1,"43":4,"44":4,"45":4,"46":4,"47":4,"48":4,"49":4,"50":4,"51":4,"52":4,"53":4,"54":4,"55":4,"56":4,"57":4,"58":4,"59":4,"60":4,"61":4,"62":4,"63":4,"64":4,"65":4,"66":4,"67":4,"68":4,"69":4,"70":4,"71":4,"72":4,"73":4,"74":4,"75":4,"76":4,"77":4,"78":4,"79":0,"80":1,"81":0,"82":0,"83":0,"84":0,"85":0,"86":0,"87":1,"88":3,"89":1,"90":1,"91":1,"92":1,"93":1,"94":1,"95":4,"96":4,"97":4,"98":4,"99":2,"100":2,"101":2,"102":2,"103":2,"104":1,"105":1,"106":1,"107":1,"108":1,"109":0,"110":2,"111":2,"112":3,"113":3,"114":1,"115":1,"116":1,"117":1,"118":1,"119":1,"120":1,"121":1,"122":1,"123":1,"124":1,"125":1,"126":1,"127":1,"128":1,"129":1,"130":1,"131":1,"132":1,"133":3,"134":1,"135":1,"136":1,"137":1,"138":0,"139":0,"140":0,"141":0,"142":0,"143":0,"144":0},"f":{"0":1,"1":1,"2":0,"3":0,"4":3,"5":0,"6":1,"7":0,"8":0,"9":1,"10":3,"11":1,"12":4,"13":2,"14":1,"15":1,"16":3,"17":1,"18":0},"b":{"0":[1,0],"1":[1,2],"2":[3,2],"3":[0,0],"4":[0,0],"5":[1,0],"6":[2,0],"7":[2,0],"8":[1,1],"9":[1,0],"10":[1,2],"11":[1,0],"12":[0,0]},"_coverageSchema":"43e27e138ebf9cfc5966b082cf9a028302ed4184","hash":"7acf6f2f970cedab313d1faf46f31df521a0126c"}
,"/home/andreskairos/Escritorio/TDDpractise/test/restaurants.fixture.js": {"path":"/home/andreskairos/Escritorio/TDDpractise/test/restaurants.fixture.js","statementMap":{"0":{"start":{"line":1,"column":30},"end":{"line":1,"column":211}},"1":{"start":{"line":3,"column":26},"end":{"line":3,"column":351}},"2":{"start":{"line":5,"column":26},"end":{"line":40,"column":1}},"3":{"start":{"line":42,"column":30},"end":{"line":156,"column":1}},"4":{"start":{"line":158,"column":24},"end":{"line":174,"column":8}},"5":{"start":{"line":176,"column":26},"end":{"line":176,"column":285}},"6":{"start":{"line":178,"column":24},"end":{"line":178,"column":390}},"7":{"start":{"line":180,"column":25},"end":{"line":209,"column":2}},"8":{"start":{"line":211,"column":28},"end":{"line":243,"column":1}},"9":{"start":{"line":245,"column":30},"end":{"line":245,"column":48}},"10":{"start":{"line":247,"column":26},"end":{"line":247,"column":71}},"11":{"start":{"line":250,"column":28},"end":{"line":257,"column":1}},"12":{"start":{"line":260,"column":30},"end":{"line":260,"column":515}},"13":{"start":{"line":262,"column":31},"end":{"line":267,"column":2}},"14":{"start":{"line":269,"column":26},"end":{"line":273,"column":1}},"15":{"start":{"line":275,"column":21},"end":{"line":293,"column":7}},"16":{"start":{"line":295,"column":27},"end":{"line":295,"column":237}}},"fnMap":{},"branchMap":{},"s":{"0":1,"1":1,"2":1,"3":1,"4":1,"5":1,"6":1,"7":1,"8":1,"9":1,"10":1,"11":1,"12":1,"13":1,"14":1,"15":1,"16":1},"f":{},"b":{},"_coverageSchema":"43e27e138ebf9cfc5966b082cf9a028302ed4184","hash":"25d458e7bb6bbdf7cfccbcda4b1ac254e67f8bc1"}
}
