TN:
SF:/home/andreskairos/Escritorio/TDDpractise/FastEat/index.js
FN:4,getRestaurants
FN:21,createRestaurantCard
FN:44,(anonymous_2)
FN:47,(anonymous_3)
FN:54,createFoodCard
FN:97,(anonymous_5)
FN:106,printRestaurantCard
FN:108,(anonymous_7)
FN:116,catchRestaurant
FN:130,filterByNameRestaurant
FN:131,(anonymous_10)
FN:140,hideRestaurants
FN:147,createBackButton
FN:153,addToCart
FN:169,printModalCart
FN:202,printTotalAmount
FN:209,goBack
FNF:17
FNH:9
FNDA:1,getRestaurants
FNDA:1,createRestaurantCard
FNDA:0,(anonymous_2)
FNDA:0,(anonymous_3)
FNDA:2,createFoodCard
FNDA:0,(anonymous_5)
FNDA:1,printRestaurantCard
FNDA:0,(anonymous_7)
FNDA:1,catchRestaurant
FNDA:1,filterByNameRestaurant
FNDA:3,(anonymous_10)
FNDA:1,hideRestaurants
FNDA:3,createBackButton
FNDA:0,addToCart
FNDA:0,printModalCart
FNDA:0,printTotalAmount
FNDA:0,goBack
DA:1,1
DA:2,1
DA:3,1
DA:5,1
DA:6,1
DA:7,0
DA:8,0
DA:9,0
DA:12,1
DA:15,1
DA:18,1
DA:22,1
DA:23,1
DA:24,1
DA:25,1
DA:26,1
DA:27,1
DA:28,1
DA:29,1
DA:30,1
DA:31,1
DA:32,1
DA:33,1
DA:34,1
DA:35,1
DA:36,1
DA:37,1
DA:38,1
DA:39,1
DA:40,1
DA:41,1
DA:42,1
DA:44,1
DA:45,0
DA:47,1
DA:49,1
DA:55,2
DA:56,2
DA:57,2
DA:58,2
DA:59,2
DA:60,0
DA:61,0
DA:62,0
DA:63,0
DA:64,0
DA:65,0
DA:66,0
DA:67,0
DA:68,0
DA:69,0
DA:70,0
DA:71,0
DA:72,0
DA:73,0
DA:74,0
DA:75,0
DA:76,0
DA:77,0
DA:78,0
DA:79,0
DA:80,0
DA:81,0
DA:82,0
DA:83,0
DA:84,0
DA:85,0
DA:86,0
DA:87,0
DA:88,0
DA:89,0
DA:90,0
DA:91,0
DA:92,0
DA:93,0
DA:94,0
DA:95,0
DA:97,0
DA:98,0
DA:107,1
DA:108,1
DA:109,0
DA:118,1
DA:120,0
DA:121,0
DA:122,0
DA:125,0
DA:131,1
DA:132,3
DA:134,1
DA:135,1
DA:136,1
DA:141,1
DA:142,1
DA:144,1
DA:148,3
DA:149,3
DA:150,3
DA:151,3
DA:154,0
DA:155,0
DA:156,0
DA:157,0
DA:158,0
DA:159,0
DA:164,0
DA:165,0
DA:170,0
DA:171,0
DA:172,0
DA:173,0
DA:174,0
DA:175,0
DA:176,0
DA:177,0
DA:178,0
DA:179,0
DA:180,0
DA:181,0
DA:182,0
DA:183,0
DA:184,0
DA:185,0
DA:186,0
DA:187,0
DA:188,0
DA:190,0
DA:191,0
DA:192,0
DA:193,0
DA:199,0
DA:200,0
DA:203,0
DA:204,0
DA:205,0
DA:206,0
DA:211,0
DA:212,0
DA:213,0
DA:221,0
DA:222,0
DA:223,0
DA:224,0
LF:143
LH:52
BRDA:23,0,0,1
BRDA:23,0,1,0
BRDA:59,1,0,0
BRDA:59,1,1,2
BRDA:59,2,0,2
BRDA:59,2,1,1
BRDA:118,3,0,0
BRDA:118,3,1,1
BRDA:121,4,0,0
BRDA:121,4,1,0
BRDA:141,5,0,1
BRDA:141,5,1,0
BRDA:154,6,0,0
BRDA:154,6,1,0
BRDA:158,7,0,0
BRDA:158,7,1,0
BRDA:173,8,0,0
BRDA:173,8,1,0
BRDA:211,9,0,0
BRDA:211,9,1,0
BRF:20
BRH:6
end_of_record
TN:
SF:/home/andreskairos/Escritorio/TDDpractise/test/restaurants.fixture.js
FNF:0
FNH:0
DA:1,1
DA:3,1
DA:5,1
DA:42,1
DA:156,1
DA:174,1
DA:176,1
DA:178,1
DA:209,1
DA:243,1
DA:245,1
DA:246,1
LF:12
LH:12
BRF:0
BRH:0
end_of_record
