TN:
SF:/home/ari/workspace/training/tdd/TDDpractise/FastEat/index.js
FN:4,getRestaurants
FN:17,createRestaurantCard
FN:40,(anonymous_2)
FN:52,printRestaurantCard
FN:53,(anonymous_4)
FN:58,catchRestaurant
FN:65,hideRestaurants
FNF:7
FNH:5
FNDA:1,getRestaurants
FNDA:1,createRestaurantCard
FNDA:0,(anonymous_2)
FNDA:1,printRestaurantCard
FNDA:0,(anonymous_4)
FNDA:1,catchRestaurant
FNDA:1,hideRestaurants
DA:1,1
DA:2,1
DA:5,1
DA:6,1
DA:7,0
DA:8,0
DA:10,1
DA:12,1
DA:14,1
DA:18,1
DA:19,1
DA:20,1
DA:21,1
DA:22,1
DA:23,1
DA:24,1
DA:25,1
DA:26,1
DA:27,1
DA:28,1
DA:29,1
DA:30,1
DA:31,1
DA:32,1
DA:33,1
DA:34,1
DA:35,1
DA:36,1
DA:37,1
DA:38,1
DA:40,1
DA:41,0
DA:43,1
DA:45,1
DA:53,1
DA:54,0
DA:59,1
DA:60,0
DA:66,1
DA:67,1
LF:40
LH:35
BRDA:19,0,0,1
BRDA:19,0,1,0
BRDA:59,1,0,0
BRDA:59,1,1,1
BRDA:66,2,0,1
BRDA:66,2,1,0
BRF:6
BRH:3
end_of_record
TN:
SF:/home/ari/workspace/training/tdd/TDDpractise/test/restaurants.fixture.js
FNF:0
FNH:0
DA:1,1
DA:2,1
DA:4,1
DA:41,1
DA:151,1
DA:169,1
LF:6
LH:6
BRF:0
BRH:0
end_of_record
